<?xml version="1.0" encoding="UTF-8"?>
<!-- Generated by org.testng.reporters.JUnitReportReporter -->
<testsuite skipped="0" hostname="EPINHYDW020D" name="com.banking.testCases.TC_AddCustomerTest_003" tests="2" failures="0" timestamp="28 Dec 2020 05:35:03 GMT" time="86.098" errors="0">
  <testcase name="addNewCustomer" time="44.752" classname="com.banking.testCases.TC_AddCustomerTest_003"/>
  <testcase name="addNewCustomer" time="41.346" classname="com.banking.testCases.TC_AddCustomerTest_003"/>
</testsuite> <!-- com.banking.testCases.TC_AddCustomerTest_003 -->
