<?xml version="1.0" encoding="UTF-8"?>
<!-- Generated by org.testng.reporters.JUnitReportReporter -->
<testsuite skipped="0" hostname="EPINHYDW020D" name="com.banking.testCases.TC_LoginTest_001" tests="1" failures="0" timestamp="27 Dec 2020 06:52:00 GMT" time="4.647" errors="0">
  <testcase name="loginTest" time="4.647" classname="com.banking.testCases.TC_LoginTest_001"/>
</testsuite> <!-- com.banking.testCases.TC_LoginTest_001 -->
