<?xml version="1.0" encoding="UTF-8"?>
<!-- Generated by org.testng.reporters.JUnitReportReporter -->
<testsuite skipped="0" hostname="EPINHYDW020D" name="com.banking.testCases.TC_AddCustomerTest_003" tests="2" failures="0" timestamp="29 Dec 2020 18:15:08 GMT" time="63.175" errors="0">
  <testcase name="addNewCustomer" time="34.984" classname="com.banking.testCases.TC_AddCustomerTest_003"/>
  <testcase name="addNewCustomer" time="28.191" classname="com.banking.testCases.TC_AddCustomerTest_003"/>
</testsuite> <!-- com.banking.testCases.TC_AddCustomerTest_003 -->
